<?xml version="1.0" encoding="UTF-8"?>
<!-- Generated by org.testng.reporters.JUnitXMLReporter -->
<testsuite ignored="4" hostname="Dell" failures="0" tests="2" name="Testrunner2" time="53.731" errors="0" timestamp="2022-11-10T12:24:48 IST">
  <testcase classname="Campaign.CreateCampaign" name="campaign" time="11.495"/>
  <testcase classname="Contact.CreateOrg" name="cresteorg" time="12.595"/>
  <testcase classname="GenericUtility.Baesclass" name="@BeforeSuite bs" time="0.0">
    <ignored/>
  </testcase> <!-- @BeforeSuite bs -->
  <testcase classname="GenericUtility.Baesclass" name="@AfterTest at" time="0.0">
    <ignored/>
  </testcase> <!-- @AfterTest at -->
  <testcase classname="GenericUtility.Baesclass" name="@BeforeTest bt" time="0.0">
    <ignored/>
  </testcase> <!-- @BeforeTest bt -->
  <testcase classname="GenericUtility.Baesclass" name="@AfterSuite as" time="0.0">
    <ignored/>
  </testcase> <!-- @AfterSuite as -->
</testsuite> <!-- Testrunner2 -->
