<?xml version="1.0" encoding="UTF-8"?>
<!-- Generated by org.testng.reporters.JUnitXMLReporter -->
<testsuite ignored="3" hostname="Dell" failures="0" tests="1" name="Test" time="23.197" errors="0" timestamp="2022-11-10T11:59:52 IST">
  <testcase classname="Contact.Alltests" name="cresteorg" time="10.783"/>
  <testcase classname="Contact.Alltests" name="createcampaignwithproduct" time="0.0">
    <ignored/>
  </testcase> <!-- createcampaignwithproduct -->
  <testcase classname="Contact.Alltests" name="createpurchaseorder" time="0.0">
    <ignored/>
  </testcase> <!-- createpurchaseorder -->
  <testcase classname="Contact.Alltests" name="campaign" time="0.0">
    <ignored/>
  </testcase> <!-- campaign -->
</testsuite> <!-- Test -->
