<?xml version="1.0" encoding="UTF-8"?>
<!-- Generated by org.testng.reporters.JUnitXMLReporter -->
<testsuite ignored="4" hostname="Dell" failures="0" tests="2" name="TestRunner-Chrome" time="80.488" errors="0" timestamp="2022-11-10T16:08:38 IST">
  <testcase classname="PurchaseOrder.PurchaseOrderwithVendor" name="createpurchaseorder" time="39.86"/>
  <testcase classname="Campaign.CreateCampaignwithso" name="createcampaignwithproduct" time="17.514"/>
  <testcase classname="GenericUtility.Baesclass" name="@BeforeSuite bs" time="0.0">
    <ignored/>
  </testcase> <!-- @BeforeSuite bs -->
  <testcase classname="GenericUtility.Baesclass" name="@AfterTest at" time="0.0">
    <ignored/>
  </testcase> <!-- @AfterTest at -->
  <testcase classname="GenericUtility.Baesclass" name="@BeforeTest bt" time="0.0">
    <ignored/>
  </testcase> <!-- @BeforeTest bt -->
  <testcase classname="GenericUtility.Baesclass" name="@AfterSuite as" time="0.0">
    <ignored/>
  </testcase> <!-- @AfterSuite as -->
</testsuite> <!-- TestRunner-Chrome -->
